<?xml version="1.0" encoding="UTF-8"?>
<testsuites name="jest tests" tests="3" failures="0" errors="0" time="1.81">
  <testsuite name="AppComponent" errors="0" failures="0" skipped="0" timestamp="2024-04-05T11:56:59" time="1.481" tests="3">
    <testcase classname="AppComponent should create the app" name="AppComponent should create the app" time="0.09">
    </testcase>
    <testcase classname="AppComponent should have as title &apos;signal&apos;" name="AppComponent should have as title &apos;signal&apos;" time="0.015">
    </testcase>
    <testcase classname="AppComponent should render title" name="AppComponent should render title" time="0.014">
    </testcase>
  </testsuite>
</testsuites>